[RuleStats]-[main]-[INFO] - ==================================================
[RuleStats]-[main]-[INFO] - Beginning generation of statistics...
[RuleStats]-[read_files]-[INFO] - Reading rules file: ../Results/all_rules.csv
[RuleStats]-[read_files]-[INFO] - Reading species file: ../Results/species_nhm.csv
[RuleStats]-[analyse]-[INFO] - Analysing species list...
[RuleStats]-[analyse]-[INFO] - Orphaned rule for taxon key NHMSYS00173330
[RuleStats]-[analyse]-[INFO] - --------------------------------------------------
[RuleStats]-[analyse]-[INFO] - Total number of species               : 325,065
[RuleStats]-[analyse]-[INFO] - Total number of rules                 : 37,006
[RuleStats]-[analyse]-[INFO] - No. of species with rules             : 21,567
[RuleStats]-[analyse]-[INFO] - No. of orphaned rules                 : 1
[RuleStats]-[analyse]-[INFO] - No. of preferred taxons with rules    : 2,733
[RuleStats]-[analyse]-[INFO] - No. of non-preferred taxons with rules: 18,833
[RuleStats]-[analyse]-[INFO] - No. of [additional] rules             : 231
[RuleStats]-[analyse]-[INFO] - No. of [difficulty] rules             : 16,774
[RuleStats]-[analyse]-[INFO] - No. of [flightperiod] rules           : 28
[RuleStats]-[analyse]-[INFO] - No. of [period] rules                 : 1,893
[RuleStats]-[analyse]-[INFO] - No. of [range] rules                  : 8,088
[RuleStats]-[analyse]-[INFO] - No. of [region] rules                 : 7,318
[RuleStats]-[analyse]-[INFO] - No. of [seasonal] rules               : 2,674
[RuleStats]-[write_file]-[INFO] - --------------------------------------------------
[RuleStats]-[write_file]-[INFO] - Writing file: ../Results/stats.csv
[RuleStats]-[main]-[INFO] - Finished.
